[debug] [2022-09-30T16:30:55.303Z] ----------------------------------------------------------------------
[debug] [2022-09-30T16:30:55.306Z] Command:       /home/abhi_8/.nvm/versions/node/v16.15.1/bin/node /home/abhi_8/.nvm/versions/node/v16.15.1/bin/firebase init
[debug] [2022-09-30T16:30:55.306Z] CLI Version:   11.12.0
[debug] [2022-09-30T16:30:55.307Z] Platform:      linux
[debug] [2022-09-30T16:30:55.307Z] Node Version:  v16.15.1
[debug] [2022-09-30T16:30:55.307Z] Time:          Fri Sep 30 2022 18:30:55 GMT+0200 (Central European Summer Time)
[debug] [2022-09-30T16:30:55.308Z] ----------------------------------------------------------------------
[debug] 
[debug] [2022-09-30T16:30:55.321Z] > command requires scopes: ["email","openid","https://www.googleapis.com/auth/cloudplatformprojects.readonly","https://www.googleapis.com/auth/firebase","https://www.googleapis.com/auth/cloud-platform"]
[debug] [2022-09-30T16:30:55.322Z] > authorizing via signed-in user (abhinavkalra2002@gmail.com)
[info] 
     ######## #### ########  ######## ########     ###     ######  ########
     ##        ##  ##     ## ##       ##     ##  ##   ##  ##       ##
     ######    ##  ########  ######   ########  #########  ######  ######
     ##        ##  ##    ##  ##       ##     ## ##     ##       ## ##
     ##       #### ##     ## ######## ########  ##     ##  ######  ########

You're about to initialize a Firebase project in this directory:

  /mnt/c/Odin-project/Projects/wheres_waldo

Before we get started, keep in mind:

  * You are currently outside your home directory

[info] 
=== Project Setup
[info] 
[info] First, let's associate this project directory with a Firebase project.
[info] You can create multiple project aliases by running firebase use --add, 
[info] but for now we'll just set up a default project.
[info] 
[debug] [2022-09-30T16:31:12.403Z] >>> [apiv2][query] GET https://firebase.googleapis.com/v1beta1/projects pageSize=100
[debug] [2022-09-30T16:31:12.965Z] <<< [apiv2][status] GET https://firebase.googleapis.com/v1beta1/projects 200
[debug] [2022-09-30T16:31:12.965Z] <<< [apiv2][body] GET https://firebase.googleapis.com/v1beta1/projects [omitted]
[info] i  Using project where-s-waldo-58777 (Where's Waldo) 
[info] 
=== Firestore Setup
[debug] [2022-09-30T16:31:19.802Z] >>> [apiv2][query] GET https://serviceusage.googleapis.com/v1/projects/where-s-waldo-58777/services/firestore.googleapis.com [none]
[debug] [2022-09-30T16:31:19.802Z] >>> [apiv2][(partial)header] GET https://serviceusage.googleapis.com/v1/projects/where-s-waldo-58777/services/firestore.googleapis.com x-goog-quota-user=projects/where-s-waldo-58777
[debug] [2022-09-30T16:31:20.817Z] <<< [apiv2][status] GET https://serviceusage.googleapis.com/v1/projects/where-s-waldo-58777/services/firestore.googleapis.com 200
[debug] [2022-09-30T16:31:20.817Z] <<< [apiv2][body] GET https://serviceusage.googleapis.com/v1/projects/where-s-waldo-58777/services/firestore.googleapis.com [omitted]
[debug] [2022-09-30T16:31:20.818Z] >>> [apiv2][query] GET https://appengine.googleapis.com/v1/apps/where-s-waldo-58777 [none]
[debug] [2022-09-30T16:31:21.215Z] <<< [apiv2][status] GET https://appengine.googleapis.com/v1/apps/where-s-waldo-58777 200
[debug] [2022-09-30T16:31:21.215Z] <<< [apiv2][body] GET https://appengine.googleapis.com/v1/apps/where-s-waldo-58777 {"name":"apps/where-s-waldo-58777","id":"where-s-waldo-58777","authDomain":"gmail.com","locationId":"europe-west","codeBucket":"staging.where-s-waldo-58777.appspot.com","servingStatus":"SERVING","defaultHostname":"where-s-waldo-58777.ew.r.appspot.com","defaultBucket":"where-s-waldo-58777.appspot.com","serviceAccount":"where-s-waldo-58777@appspot.gserviceaccount.com","gcrDomain":"eu.gcr.io","databaseType":"CLOUD_FIRESTORE","featureSettings":{"splitHealthChecks":true,"useContainerOptimizedOs":true}}
[debug] [2022-09-30T16:31:21.216Z] database_type: CLOUD_FIRESTORE
[debug] [2022-09-30T16:31:21.216Z] > command requires scopes: ["email","openid","https://www.googleapis.com/auth/cloudplatformprojects.readonly","https://www.googleapis.com/auth/firebase","https://www.googleapis.com/auth/cloud-platform"]
[debug] [2022-09-30T16:31:21.216Z] > authorizing via signed-in user (abhinavkalra2002@gmail.com)
[debug] [2022-09-30T16:31:21.216Z] [iam] checking project where-s-waldo-58777 for permissions ["firebase.projects.get"]
[debug] [2022-09-30T16:31:21.217Z] >>> [apiv2][query] POST https://cloudresourcemanager.googleapis.com/v1/projects/where-s-waldo-58777:testIamPermissions [none]
[debug] [2022-09-30T16:31:21.217Z] >>> [apiv2][(partial)header] POST https://cloudresourcemanager.googleapis.com/v1/projects/where-s-waldo-58777:testIamPermissions x-goog-quota-user=projects/where-s-waldo-58777
[debug] [2022-09-30T16:31:21.217Z] >>> [apiv2][body] POST https://cloudresourcemanager.googleapis.com/v1/projects/where-s-waldo-58777:testIamPermissions {"permissions":["firebase.projects.get"]}
[debug] [2022-09-30T16:31:22.025Z] <<< [apiv2][status] POST https://cloudresourcemanager.googleapis.com/v1/projects/where-s-waldo-58777:testIamPermissions 200
[debug] [2022-09-30T16:31:22.025Z] <<< [apiv2][body] POST https://cloudresourcemanager.googleapis.com/v1/projects/where-s-waldo-58777:testIamPermissions {"permissions":["firebase.projects.get"]}
[info] 
[info] Firestore Security Rules allow you to define how and when to allow
[info] requests. You can keep these rules in your project directory
[info] and publish them with firebase deploy.
[info] 
[debug] [2022-09-30T16:31:32.913Z] >>> [apiv2][query] GET https://firebaserules.googleapis.com/v1/projects/where-s-waldo-58777/releases pageSize=10&pageToken=
[debug] [2022-09-30T16:31:33.834Z] <<< [apiv2][status] GET https://firebaserules.googleapis.com/v1/projects/where-s-waldo-58777/releases 200
[debug] [2022-09-30T16:31:33.834Z] <<< [apiv2][body] GET https://firebaserules.googleapis.com/v1/projects/where-s-waldo-58777/releases {"releases":[{"name":"projects/where-s-waldo-58777/releases/cloud.firestore","rulesetName":"projects/where-s-waldo-58777/rulesets/13ca6a0d-5e55-45c2-9f65-3f6fd744d3f4","createTime":"2022-09-30T16:08:15.707520Z","updateTime":"2022-09-30T16:27:29.020192Z"},{"name":"projects/where-s-waldo-58777/releases/firebase.storage/where-s-waldo-58777.appspot.com","rulesetName":"projects/where-s-waldo-58777/rulesets/20ef6c58-8379-45c9-a6e2-b0d70fce8aaa","createTime":"2022-09-30T16:09:08.029432Z","updateTime":"2022-09-30T16:09:08.029432Z"}]}
[debug] [2022-09-30T16:31:33.835Z] Found ruleset: projects/where-s-waldo-58777/rulesets/13ca6a0d-5e55-45c2-9f65-3f6fd744d3f4
[debug] [2022-09-30T16:31:33.835Z] >>> [apiv2][query] GET https://firebaserules.googleapis.com/v1/projects/where-s-waldo-58777/rulesets/13ca6a0d-5e55-45c2-9f65-3f6fd744d3f4 [none]
[debug] [2022-09-30T16:31:34.678Z] <<< [apiv2][status] GET https://firebaserules.googleapis.com/v1/projects/where-s-waldo-58777/rulesets/13ca6a0d-5e55-45c2-9f65-3f6fd744d3f4 200
[debug] [2022-09-30T16:31:34.678Z] <<< [apiv2][body] GET https://firebaserules.googleapis.com/v1/projects/where-s-waldo-58777/rulesets/13ca6a0d-5e55-45c2-9f65-3f6fd744d3f4 [omitted]
[info] 
[info] Firestore indexes allow you to perform complex queries while
[info] maintaining performance that scales with the size of the result
[info] set. You can keep index definitions in your project directory
[info] and publish them with firebase deploy.
[info] 
[debug] [2022-09-30T16:31:39.320Z] >>> [apiv2][query] GET https://firestore.googleapis.com/v1/projects/where-s-waldo-58777/databases/(default)/collectionGroups/-/indexes [none]
[debug] [2022-09-30T16:31:39.321Z] >>> [apiv2][query] GET https://firestore.googleapis.com/v1/projects/where-s-waldo-58777/databases/(default)/collectionGroups/-/fields?filter=indexConfig.usesAncestorConfig=false [none]
[debug] [2022-09-30T16:31:39.776Z] <<< [apiv2][status] GET https://firestore.googleapis.com/v1/projects/where-s-waldo-58777/databases/(default)/collectionGroups/-/indexes 200
[debug] [2022-09-30T16:31:39.776Z] <<< [apiv2][body] GET https://firestore.googleapis.com/v1/projects/where-s-waldo-58777/databases/(default)/collectionGroups/-/indexes {}
[debug] [2022-09-30T16:31:40.291Z] <<< [apiv2][status] GET https://firestore.googleapis.com/v1/projects/where-s-waldo-58777/databases/(default)/collectionGroups/-/fields?filter=indexConfig.usesAncestorConfig=false 200
[debug] [2022-09-30T16:31:40.292Z] <<< [apiv2][body] GET https://firestore.googleapis.com/v1/projects/where-s-waldo-58777/databases/(default)/collectionGroups/-/fields?filter=indexConfig.usesAncestorConfig=false {"fields":[{"name":"projects/where-s-waldo-58777/databases/(default)/collectionGroups/__default__/fields/*","indexConfig":{"indexes":[{"queryScope":"COLLECTION","fields":[{"fieldPath":"*","order":"ASCENDING"}],"state":"READY"},{"queryScope":"COLLECTION","fields":[{"fieldPath":"*","order":"DESCENDING"}],"state":"READY"},{"queryScope":"COLLECTION","fields":[{"fieldPath":"*","arrayConfig":"CONTAINS"}],"state":"READY"}]}}]}
[info] 
=== Hosting Setup
[info] 
[info] Your public directory is the folder (relative to your project directory) that
[info] will contain Hosting assets to be uploaded with firebase deploy. If you
[info] have a build process for your assets, use your build's output directory.
[info] 
